# JRE version: OpenJDK Runtime Environment (8.0_212-b04) (build 1.8.0_212-release-1586-b04)
# Java VM: OpenJDK 64-Bit Server VM (25.212-b04 mixed mode windows-amd64 compressed oops)
Heap:
 PSYoungGen      total 472576K, used 359411K [0x00000000e0000000, 0x0000000100000000, 0x0000000100000000)
  eden space 420864K, 80% used [0x00000000e0000000,0x00000000f491be98,0x00000000f9b00000)
  from space 51712K, 43% used [0x00000000f9b00000,0x00000000fb0e1148,0x00000000fcd80000)
  to   space 49152K, 0% used [0x00000000fd000000,0x00000000fd000000,0x0000000100000000)
 ParOldGen       total 114176K, used 67047K [0x00000000a0000000, 0x00000000a6f80000, 0x00000000e0000000)
  object space 114176K, 58% used [0x00000000a0000000,0x00000000a4179fd8,0x00000000a6f80000)
 Metaspace       used 135781K, capacity 140295K, committed 140824K, reserved 1171456K
  class space    used 17188K, capacity 18092K, committed 18200K, reserved 1048576K
GC Heap History (10 events):
Event: 2316.151 GC heap before
{Heap before GC invocations=19 (full 3):
 PSYoungGen      total 415744K, used 413759K [0x00000000e0000000, 0x00000000fea00000, 0x0000000100000000)
  eden space 387072K, 100% used [0x00000000e0000000,0x00000000f7a00000,0x00000000f7a00000)
  from space 28672K, 93% used [0x00000000f7a00000,0x00000000f940fc08,0x00000000f9600000)
  to   space 32256K, 0% used [0x00000000fca80000,0x00000000fca80000,0x00000000fea00000)
 ParOldGen       total 81408K, used 47502K [0x00000000a0000000, 0x00000000a4f80000, 0x00000000e0000000)
  object space 81408K, 58% used [0x00000000a0000000,0x00000000a2e63a40,0x00000000a4f80000)
 Metaspace       used 93487K, capacity 97382K, committed 97560K, reserved 1134592K
  class space    used 11950K, capacity 12757K, committed 12824K, reserved 1048576K
Event: 2316.287 GC heap after
Heap after GC invocations=19 (full 3):
 PSYoungGen      total 461824K, used 32245K [0x00000000e0000000, 0x00000000ffb00000, 0x0000000100000000)
  eden space 429568K, 0% used [0x00000000e0000000,0x00000000e0000000,0x00000000fa380000)
  from space 32256K, 99% used [0x00000000fca80000,0x00000000fe9fd7f8,0x00000000fea00000)
  to   space 39936K, 0% used [0x00000000fa380000,0x00000000fa380000,0x00000000fca80000)
 ParOldGen       total 81408K, used 54326K [0x00000000a0000000, 0x00000000a4f80000, 0x00000000e0000000)
  object space 81408K, 66% used [0x00000000a0000000,0x00000000a350db98,0x00000000a4f80000)
 Metaspace       used 93487K, capacity 97382K, committed 97560K, reserved 1134592K
  class space    used 11950K, capacity 12757K, committed 12824K, reserved 1048576K
}
Event: 2316.462 GC heap before
{Heap before GC invocations=20 (full 3):
 PSYoungGen      total 461824K, used 37904K [0x00000000e0000000, 0x00000000ffb00000, 0x0000000100000000)
  eden space 429568K, 1% used [0x00000000e0000000,0x00000000e0586898,0x00000000fa380000)
  from space 32256K, 99% used [0x00000000fca80000,0x00000000fe9fd7f8,0x00000000fea00000)
  to   space 39936K, 0% used [0x00000000fa380000,0x00000000fa380000,0x00000000fca80000)
 ParOldGen       total 81408K, used 54326K [0x00000000a0000000, 0x00000000a4f80000, 0x00000000e0000000)
  object space 81408K, 66% used [0x00000000a0000000,0x00000000a350db98,0x00000000a4f80000)
 Metaspace       used 94587K, capacity 98438K, committed 98600K, reserved 1134592K
  class space    used 12072K, capacity 12853K, committed 12952K, reserved 1048576K
Event: 2316.650 GC heap after
Heap after GC invocations=20 (full 3):
 PSYoungGen      total 469504K, used 26043K [0x00000000e0000000, 0x0000000100000000, 0x0000000100000000)
  eden space 429568K, 0% used [0x00000000e0000000,0x00000000e0000000,0x00000000fa380000)
  from space 39936K, 65% used [0x00000000fa380000,0x00000000fbceeeb0,0x00000000fca80000)
  to   space 41472K, 0% used [0x00000000fd780000,0x00000000fd780000,0x0000000100000000)
 ParOldGen       total 81408K, used 57254K [0x00000000a0000000, 0x00000000a4f80000, 0x00000000e0000000)
  object space 81408K, 70% used [0x00000000a0000000,0x00000000a37e98e8,0x00000000a4f80000)
 Metaspace       used 94587K, capacity 98438K, committed 98600K, reserved 1134592K
  class space    used 12072K, capacity 12853K, committed 12952K, reserved 1048576K
}
Event: 2316.652 GC heap before
{Heap before GC invocations=21 (full 4):
 PSYoungGen      total 469504K, used 26043K [0x00000000e0000000, 0x0000000100000000, 0x0000000100000000)
  eden space 429568K, 0% used [0x00000000e0000000,0x00000000e0000000,0x00000000fa380000)
  from space 39936K, 65% used [0x00000000fa380000,0x00000000fbceeeb0,0x00000000fca80000)
  to   space 41472K, 0% used [0x00000000fd780000,0x00000000fd780000,0x0000000100000000)
 ParOldGen       total 81408K, used 57254K [0x00000000a0000000, 0x00000000a4f80000, 0x00000000e0000000)
  object space 81408K, 70% used [0x00000000a0000000,0x00000000a37e98e8,0x00000000a4f80000)
 Metaspace       used 94587K, capacity 98438K, committed 98600K, reserved 1134592K
  class space    used 12072K, capacity 12853K, committed 12952K, reserved 1048576K
Event: 2317.941 GC heap after
Heap after GC invocations=21 (full 4):
 PSYoungGen      total 469504K, used 0K [0x00000000e0000000, 0x0000000100000000, 0x0000000100000000)
  eden space 429568K, 0% used [0x00000000e0000000,0x00000000e0000000,0x00000000fa380000)
  from space 39936K, 0% used [0x00000000fa380000,0x00000000fa380000,0x00000000fca80000)
  to   space 41472K, 0% used [0x00000000fd780000,0x00000000fd780000,0x0000000100000000)
 ParOldGen       total 114176K, used 57358K [0x00000000a0000000, 0x00000000a6f80000, 0x00000000e0000000)
  object space 114176K, 50% used [0x00000000a0000000,0x00000000a3803a18,0x00000000a6f80000)
 Metaspace       used 93600K, capacity 96772K, committed 98600K, reserved 1134592K
  class space    used 11896K, capacity 12533K, committed 12952K, reserved 1048576K
}
Event: 2342.272 GC heap before
{Heap before GC invocations=22 (full 4):
 PSYoungGen      total 469504K, used 429568K [0x00000000e0000000, 0x0000000100000000, 0x0000000100000000)
  eden space 429568K, 100% used [0x00000000e0000000,0x00000000fa380000,0x00000000fa380000)
  from space 39936K, 0% used [0x00000000fa380000,0x00000000fa380000,0x00000000fca80000)
  to   space 41472K, 0% used [0x00000000fd780000,0x00000000fd780000,0x0000000100000000)
 ParOldGen       total 114176K, used 57358K [0x00000000a0000000, 0x00000000a6f80000, 0x00000000e0000000)
  object space 114176K, 50% used [0x00000000a0000000,0x00000000a3803a18,0x00000000a6f80000)
 Metaspace       used 134734K, capacity 139103K, committed 139672K, reserved 1171456K
  class space    used 17071K, capacity 17940K, committed 18072K, reserved 1048576K
Event: 2342.450 GC heap after
Heap after GC invocations=22 (full 4):
 PSYoungGen      total 462336K, used 41451K [0x00000000e0000000, 0x0000000100000000, 0x0000000100000000)
  eden space 420864K, 0% used [0x00000000e0000000,0x00000000e0000000,0x00000000f9b00000)
  from space 41472K, 99% used [0x00000000fd780000,0x00000000ffffad40,0x0000000100000000)
  to   space 51712K, 0% used [0x00000000f9b00000,0x00000000f9b00000,0x00000000fcd80000)
 ParOldGen       total 114176K, used 67047K [0x00000000a0000000, 0x00000000a6f80000, 0x00000000e0000000)
  object space 114176K, 58% used [0x00000000a0000000,0x00000000a4179fd8,0x00000000a6f80000)
 Metaspace       used 134734K, capacity 139103K, committed 139672K, reserved 1171456K
  class space    used 17071K, capacity 17940K, committed 18072K, reserved 1048576K
}
Event: 2350.387 GC heap before
{Heap before GC invocations=23 (full 4):
 PSYoungGen      total 462336K, used 462315K [0x00000000e0000000, 0x0000000100000000, 0x0000000100000000)
  eden space 420864K, 100% used [0x00000000e0000000,0x00000000f9b00000,0x00000000f9b00000)
  from space 41472K, 99% used [0x00000000fd780000,0x00000000ffffad40,0x0000000100000000)
  to   space 51712K, 0% used [0x00000000f9b00000,0x00000000f9b00000,0x00000000fcd80000)
 ParOldGen       total 114176K, used 67047K [0x00000000a0000000, 0x00000000a6f80000, 0x00000000e0000000)
  object space 114176K, 58% used [0x00000000a0000000,0x00000000a4179fd8,0x00000000a6f80000)
 Metaspace       used 135660K, capacity 140145K, committed 140568K, reserved 1171456K
  class space    used 17181K, capacity 18087K, committed 18200K, reserved 1048576K
Event: 2350.487 GC heap after
Heap after GC invocations=23 (full 4):
 PSYoungGen      total 472576K, used 22404K [0x00000000e0000000, 0x0000000100000000, 0x0000000100000000)
  eden space 420864K, 0% used [0x00000000e0000000,0x00000000e0000000,0x00000000f9b00000)
  from space 51712K, 43% used [0x00000000f9b00000,0x00000000fb0e1148,0x00000000fcd80000)
  to   space 49152K, 0% used [0x00000000fd000000,0x00000000fd000000,0x0000000100000000)
 ParOldGen       total 114176K, used 67047K [0x00000000a0000000, 0x00000000a6f80000, 0x00000000e0000000)
  object space 114176K, 58% used [0x00000000a0000000,0x00000000a4179fd8,0x00000000a6f80000)
 Metaspace       used 135660K, capacity 140145K, committed 140568K, reserved 1171456K
  class space    used 17181K, capacity 18087K, committed 18200K, reserved 1048576K
}

